{"C:\\Users\\assam\\OneDrive - Durham University\\Computer Science\\Prog (Black) Web Dev\\app.js": {"path":"C:\\Users\\assam\\OneDrive - Durham University\\Computer Science\\Prog (Black) Web Dev\\app.js","statementMap":{"0":{"start":{"line":5,"column":16},"end":{"line":5,"column":34}},"1":{"start":{"line":6,"column":12},"end":{"line":6,"column":21}},"2":{"start":{"line":9,"column":11},"end":{"line":9,"column":24}},"3":{"start":{"line":20,"column":26},"end":{"line":20,"column":104}},"4":{"start":{"line":21,"column":31},"end":{"line":21,"column":117}},"5":{"start":{"line":26,"column":4},"end":{"line":29,"column":5}},"6":{"start":{"line":27,"column":21},"end":{"line":27,"column":55}},"7":{"start":{"line":28,"column":8},"end":{"line":28,"column":44}},"8":{"start":{"line":35,"column":0},"end":{"line":35,"column":34}},"9":{"start":{"line":36,"column":0},"end":{"line":36,"column":24}},"10":{"start":{"line":39,"column":17},"end":{"line":39,"column":49}},"11":{"start":{"line":40,"column":21},"end":{"line":40,"column":58}},"12":{"start":{"line":47,"column":0},"end":{"line":50,"column":3}},"13":{"start":{"line":48,"column":4},"end":{"line":48,"column":25}},"14":{"start":{"line":53,"column":0},"end":{"line":55,"column":3}},"15":{"start":{"line":54,"column":4},"end":{"line":54,"column":29}},"16":{"start":{"line":58,"column":0},"end":{"line":78,"column":3}},"17":{"start":{"line":59,"column":25},"end":{"line":59,"column":33}},"18":{"start":{"line":60,"column":17},"end":{"line":60,"column":34}},"19":{"start":{"line":63,"column":4},"end":{"line":68,"column":5}},"20":{"start":{"line":64,"column":8},"end":{"line":64,"column":28}},"21":{"start":{"line":66,"column":8},"end":{"line":66,"column":57}},"22":{"start":{"line":67,"column":8},"end":{"line":67,"column":15}},"23":{"start":{"line":70,"column":4},"end":{"line":70,"column":38}},"24":{"start":{"line":73,"column":24},"end":{"line":73,"column":63}},"25":{"start":{"line":74,"column":4},"end":{"line":74,"column":59}},"26":{"start":{"line":75,"column":4},"end":{"line":75,"column":66}},"27":{"start":{"line":77,"column":4},"end":{"line":77,"column":27}},"28":{"start":{"line":83,"column":4},"end":{"line":87,"column":5}},"29":{"start":{"line":84,"column":8},"end":{"line":86,"column":9}},"30":{"start":{"line":85,"column":12},"end":{"line":85,"column":57}},"31":{"start":{"line":91,"column":0},"end":{"line":108,"column":3}},"32":{"start":{"line":92,"column":21},"end":{"line":92,"column":29}},"33":{"start":{"line":94,"column":4},"end":{"line":94,"column":63}},"34":{"start":{"line":96,"column":4},"end":{"line":96,"column":55}},"35":{"start":{"line":98,"column":4},"end":{"line":98,"column":30}},"36":{"start":{"line":99,"column":4},"end":{"line":99,"column":72}},"37":{"start":{"line":102,"column":15},"end":{"line":102,"column":50}},"38":{"start":{"line":103,"column":4},"end":{"line":103,"column":45}},"39":{"start":{"line":104,"column":4},"end":{"line":104,"column":53}},"40":{"start":{"line":106,"column":4},"end":{"line":106,"column":23}},"41":{"start":{"line":111,"column":0},"end":{"line":115,"column":3}},"42":{"start":{"line":112,"column":23},"end":{"line":112,"column":53}},"43":{"start":{"line":113,"column":27},"end":{"line":113,"column":116}},"44":{"start":{"line":113,"column":54},"end":{"line":113,"column":115}},"45":{"start":{"line":114,"column":4},"end":{"line":114,"column":29}},"46":{"start":{"line":119,"column":0},"end":{"line":138,"column":3}},"47":{"start":{"line":120,"column":20},"end":{"line":120,"column":33}},"48":{"start":{"line":122,"column":18},"end":{"line":122,"column":64}},"49":{"start":{"line":122,"column":43},"end":{"line":122,"column":63}},"50":{"start":{"line":124,"column":4},"end":{"line":137,"column":5}},"51":{"start":{"line":126,"column":28},"end":{"line":126,"column":86}},"52":{"start":{"line":126,"column":56},"end":{"line":126,"column":85}},"53":{"start":{"line":129,"column":25},"end":{"line":132,"column":9}},"54":{"start":{"line":133,"column":8},"end":{"line":133,"column":27}},"55":{"start":{"line":136,"column":8},"end":{"line":136,"column":61}},"56":{"start":{"line":141,"column":0},"end":{"line":156,"column":3}},"57":{"start":{"line":142,"column":23},"end":{"line":142,"column":36}},"58":{"start":{"line":144,"column":26},"end":{"line":144,"column":43}},"59":{"start":{"line":145,"column":4},"end":{"line":145,"column":69}},"60":{"start":{"line":145,"column":44},"end":{"line":145,"column":67}},"61":{"start":{"line":147,"column":15},"end":{"line":147,"column":50}},"62":{"start":{"line":148,"column":4},"end":{"line":148,"column":45}},"63":{"start":{"line":149,"column":4},"end":{"line":149,"column":76}},"64":{"start":{"line":151,"column":4},"end":{"line":155,"column":5}},"65":{"start":{"line":152,"column":8},"end":{"line":152,"column":72}},"66":{"start":{"line":154,"column":8},"end":{"line":154,"column":61}},"67":{"start":{"line":159,"column":0},"end":{"line":186,"column":3}},"68":{"start":{"line":160,"column":21},"end":{"line":160,"column":34}},"69":{"start":{"line":161,"column":25},"end":{"line":161,"column":33}},"70":{"start":{"line":164,"column":18},"end":{"line":164,"column":70}},"71":{"start":{"line":164,"column":48},"end":{"line":164,"column":69}},"72":{"start":{"line":167,"column":4},"end":{"line":183,"column":5}},"73":{"start":{"line":171,"column":8},"end":{"line":171,"column":62}},"74":{"start":{"line":174,"column":19},"end":{"line":174,"column":54}},"75":{"start":{"line":175,"column":8},"end":{"line":175,"column":49}},"76":{"start":{"line":176,"column":8},"end":{"line":176,"column":79}},"77":{"start":{"line":179,"column":8},"end":{"line":179,"column":36}},"78":{"start":{"line":182,"column":8},"end":{"line":182,"column":61}},"79":{"start":{"line":190,"column":0},"end":{"line":190,"column":21}}},"fnMap":{"0":{"name":"loadData","decl":{"start":{"line":24,"column":9},"end":{"line":24,"column":17}},"loc":{"start":{"line":24,"column":28},"end":{"line":30,"column":1}},"line":24},"1":{"name":"(anonymous_1)","decl":{"start":{"line":47,"column":19},"end":{"line":47,"column":20}},"loc":{"start":{"line":47,"column":33},"end":{"line":50,"column":1}},"line":47},"2":{"name":"(anonymous_2)","decl":{"start":{"line":53,"column":23},"end":{"line":53,"column":24}},"loc":{"start":{"line":53,"column":37},"end":{"line":55,"column":1}},"line":53},"3":{"name":"(anonymous_3)","decl":{"start":{"line":58,"column":24},"end":{"line":58,"column":25}},"loc":{"start":{"line":58,"column":37},"end":{"line":78,"column":1}},"line":58},"4":{"name":"CheckifExists","decl":{"start":{"line":82,"column":9},"end":{"line":82,"column":22}},"loc":{"start":{"line":82,"column":29},"end":{"line":88,"column":1}},"line":82},"5":{"name":"(anonymous_5)","decl":{"start":{"line":91,"column":20},"end":{"line":91,"column":21}},"loc":{"start":{"line":91,"column":34},"end":{"line":108,"column":1}},"line":91},"6":{"name":"(anonymous_6)","decl":{"start":{"line":111,"column":26},"end":{"line":111,"column":27}},"loc":{"start":{"line":111,"column":40},"end":{"line":115,"column":1}},"line":111},"7":{"name":"(anonymous_7)","decl":{"start":{"line":113,"column":45},"end":{"line":113,"column":46}},"loc":{"start":{"line":113,"column":54},"end":{"line":113,"column":115}},"line":113},"8":{"name":"(anonymous_8)","decl":{"start":{"line":119,"column":26},"end":{"line":119,"column":27}},"loc":{"start":{"line":119,"column":40},"end":{"line":138,"column":1}},"line":119},"9":{"name":"(anonymous_9)","decl":{"start":{"line":122,"column":34},"end":{"line":122,"column":35}},"loc":{"start":{"line":122,"column":43},"end":{"line":122,"column":63}},"line":122},"10":{"name":"(anonymous_10)","decl":{"start":{"line":126,"column":48},"end":{"line":126,"column":49}},"loc":{"start":{"line":126,"column":56},"end":{"line":126,"column":85}},"line":126},"11":{"name":"(anonymous_11)","decl":{"start":{"line":141,"column":26},"end":{"line":141,"column":27}},"loc":{"start":{"line":141,"column":40},"end":{"line":156,"column":1}},"line":141},"12":{"name":"(anonymous_12)","decl":{"start":{"line":145,"column":35},"end":{"line":145,"column":36}},"loc":{"start":{"line":145,"column":44},"end":{"line":145,"column":67}},"line":145},"13":{"name":"(anonymous_13)","decl":{"start":{"line":159,"column":22},"end":{"line":159,"column":23}},"loc":{"start":{"line":159,"column":35},"end":{"line":186,"column":1}},"line":159},"14":{"name":"(anonymous_14)","decl":{"start":{"line":164,"column":39},"end":{"line":164,"column":40}},"loc":{"start":{"line":164,"column":48},"end":{"line":164,"column":69}},"line":164}},"branchMap":{"0":{"loc":{"start":{"line":20,"column":26},"end":{"line":20,"column":104}},"type":"cond-expr","locations":[{"start":{"line":20,"column":60},"end":{"line":20,"column":86}},{"start":{"line":20,"column":89},"end":{"line":20,"column":104}}],"line":20},"1":{"loc":{"start":{"line":21,"column":31},"end":{"line":21,"column":117}},"type":"cond-expr","locations":[{"start":{"line":21,"column":65},"end":{"line":21,"column":95}},{"start":{"line":21,"column":98},"end":{"line":21,"column":117}}],"line":21},"2":{"loc":{"start":{"line":26,"column":4},"end":{"line":29,"column":5}},"type":"if","locations":[{"start":{"line":26,"column":4},"end":{"line":29,"column":5}},{"start":{},"end":{}}],"line":26},"3":{"loc":{"start":{"line":28,"column":15},"end":{"line":28,"column":43}},"type":"cond-expr","locations":[{"start":{"line":28,"column":22},"end":{"line":28,"column":38}},{"start":{"line":28,"column":41},"end":{"line":28,"column":43}}],"line":28},"4":{"loc":{"start":{"line":39,"column":17},"end":{"line":39,"column":49}},"type":"binary-expr","locations":[{"start":{"line":39,"column":17},"end":{"line":39,"column":43}},{"start":{"line":39,"column":47},"end":{"line":39,"column":49}}],"line":39},"5":{"loc":{"start":{"line":40,"column":21},"end":{"line":40,"column":58}},"type":"binary-expr","locations":[{"start":{"line":40,"column":21},"end":{"line":40,"column":52}},{"start":{"line":40,"column":56},"end":{"line":40,"column":58}}],"line":40},"6":{"loc":{"start":{"line":84,"column":8},"end":{"line":86,"column":9}},"type":"if","locations":[{"start":{"line":84,"column":8},"end":{"line":86,"column":9}},{"start":{},"end":{}}],"line":84},"7":{"loc":{"start":{"line":113,"column":54},"end":{"line":113,"column":115}},"type":"binary-expr","locations":[{"start":{"line":113,"column":54},"end":{"line":113,"column":65}},{"start":{"line":113,"column":69},"end":{"line":113,"column":115}}],"line":113},"8":{"loc":{"start":{"line":124,"column":4},"end":{"line":137,"column":5}},"type":"if","locations":[{"start":{"line":124,"column":4},"end":{"line":137,"column":5}},{"start":{"line":135,"column":11},"end":{"line":137,"column":5}}],"line":124},"9":{"loc":{"start":{"line":131,"column":30},"end":{"line":131,"column":49}},"type":"binary-expr","locations":[{"start":{"line":131,"column":30},"end":{"line":131,"column":41}},{"start":{"line":131,"column":45},"end":{"line":131,"column":49}}],"line":131},"10":{"loc":{"start":{"line":151,"column":4},"end":{"line":155,"column":5}},"type":"if","locations":[{"start":{"line":151,"column":4},"end":{"line":155,"column":5}},{"start":{"line":153,"column":11},"end":{"line":155,"column":5}}],"line":151},"11":{"loc":{"start":{"line":167,"column":4},"end":{"line":183,"column":5}},"type":"if","locations":[{"start":{"line":167,"column":4},"end":{"line":183,"column":5}},{"start":{"line":181,"column":11},"end":{"line":183,"column":5}}],"line":167}},"s":{"0":1,"1":1,"2":1,"3":1,"4":1,"5":2,"6":2,"7":2,"8":1,"9":1,"10":1,"11":1,"12":1,"13":1,"14":1,"15":1,"16":1,"17":3,"18":3,"19":3,"20":3,"21":1,"22":1,"23":2,"24":2,"25":2,"26":2,"27":2,"28":3,"29":3,"30":1,"31":1,"32":4,"33":4,"34":4,"35":4,"36":4,"37":4,"38":4,"39":4,"40":4,"41":1,"42":1,"43":1,"44":2,"45":1,"46":1,"47":2,"48":2,"49":6,"50":2,"51":1,"52":2,"53":1,"54":1,"55":1,"56":1,"57":2,"58":2,"59":2,"60":5,"61":2,"62":2,"63":2,"64":2,"65":1,"66":1,"67":1,"68":2,"69":2,"70":2,"71":4,"72":2,"73":1,"74":1,"75":1,"76":1,"77":1,"78":1,"79":1},"f":{"0":2,"1":1,"2":1,"3":3,"4":3,"5":4,"6":1,"7":2,"8":2,"9":6,"10":2,"11":2,"12":5,"13":2,"14":4},"b":{"0":[1,0],"1":[1,0],"2":[2,0],"3":[2,0],"4":[1,0],"5":[1,0],"6":[1,2],"7":[2,2],"8":[1,1],"9":[1,1],"10":[1,1],"11":[1,1]},"_coverageSchema":"1a1c01bbd47fc00a2c39e90264f33305004495a9","hash":"4959d97351dcfd1474f809c3fb004a65b56093fc"}
}
