{"C:\\Users\\assam\\OneDrive - Durham University\\Computer Science\\Prog (Black) Web Dev\\app.js": {"path":"C:\\Users\\assam\\OneDrive - Durham University\\Computer Science\\Prog (Black) Web Dev\\app.js","statementMap":{"0":{"start":{"line":5,"column":16},"end":{"line":5,"column":34}},"1":{"start":{"line":6,"column":12},"end":{"line":6,"column":21}},"2":{"start":{"line":9,"column":11},"end":{"line":9,"column":24}},"3":{"start":{"line":20,"column":26},"end":{"line":20,"column":104}},"4":{"start":{"line":21,"column":31},"end":{"line":21,"column":117}},"5":{"start":{"line":26,"column":4},"end":{"line":29,"column":5}},"6":{"start":{"line":27,"column":21},"end":{"line":27,"column":55}},"7":{"start":{"line":28,"column":8},"end":{"line":28,"column":44}},"8":{"start":{"line":35,"column":0},"end":{"line":35,"column":34}},"9":{"start":{"line":36,"column":0},"end":{"line":36,"column":24}},"10":{"start":{"line":39,"column":17},"end":{"line":39,"column":49}},"11":{"start":{"line":40,"column":21},"end":{"line":40,"column":58}},"12":{"start":{"line":47,"column":0},"end":{"line":49,"column":3}},"13":{"start":{"line":48,"column":4},"end":{"line":48,"column":25}},"14":{"start":{"line":52,"column":0},"end":{"line":54,"column":3}},"15":{"start":{"line":53,"column":4},"end":{"line":53,"column":29}},"16":{"start":{"line":57,"column":0},"end":{"line":77,"column":3}},"17":{"start":{"line":58,"column":25},"end":{"line":58,"column":33}},"18":{"start":{"line":59,"column":17},"end":{"line":59,"column":34}},"19":{"start":{"line":62,"column":4},"end":{"line":67,"column":5}},"20":{"start":{"line":63,"column":8},"end":{"line":63,"column":28}},"21":{"start":{"line":65,"column":8},"end":{"line":65,"column":57}},"22":{"start":{"line":66,"column":8},"end":{"line":66,"column":15}},"23":{"start":{"line":69,"column":4},"end":{"line":69,"column":38}},"24":{"start":{"line":72,"column":24},"end":{"line":72,"column":63}},"25":{"start":{"line":73,"column":4},"end":{"line":73,"column":59}},"26":{"start":{"line":74,"column":4},"end":{"line":74,"column":66}},"27":{"start":{"line":76,"column":4},"end":{"line":76,"column":27}},"28":{"start":{"line":82,"column":4},"end":{"line":86,"column":5}},"29":{"start":{"line":83,"column":8},"end":{"line":85,"column":9}},"30":{"start":{"line":84,"column":12},"end":{"line":84,"column":57}},"31":{"start":{"line":90,"column":0},"end":{"line":105,"column":3}},"32":{"start":{"line":91,"column":21},"end":{"line":91,"column":29}},"33":{"start":{"line":93,"column":4},"end":{"line":93,"column":40}},"34":{"start":{"line":95,"column":4},"end":{"line":95,"column":30}},"35":{"start":{"line":96,"column":4},"end":{"line":96,"column":72}},"36":{"start":{"line":99,"column":15},"end":{"line":99,"column":50}},"37":{"start":{"line":100,"column":4},"end":{"line":100,"column":45}},"38":{"start":{"line":101,"column":4},"end":{"line":101,"column":53}},"39":{"start":{"line":103,"column":4},"end":{"line":103,"column":23}},"40":{"start":{"line":110,"column":0},"end":{"line":114,"column":3}},"41":{"start":{"line":111,"column":23},"end":{"line":111,"column":53}},"42":{"start":{"line":112,"column":27},"end":{"line":112,"column":116}},"43":{"start":{"line":112,"column":54},"end":{"line":112,"column":115}},"44":{"start":{"line":113,"column":4},"end":{"line":113,"column":29}},"45":{"start":{"line":117,"column":0},"end":{"line":132,"column":3}},"46":{"start":{"line":118,"column":23},"end":{"line":118,"column":36}},"47":{"start":{"line":120,"column":26},"end":{"line":120,"column":43}},"48":{"start":{"line":121,"column":4},"end":{"line":121,"column":69}},"49":{"start":{"line":121,"column":44},"end":{"line":121,"column":67}},"50":{"start":{"line":123,"column":15},"end":{"line":123,"column":50}},"51":{"start":{"line":124,"column":4},"end":{"line":124,"column":45}},"52":{"start":{"line":125,"column":4},"end":{"line":125,"column":76}},"53":{"start":{"line":127,"column":4},"end":{"line":131,"column":5}},"54":{"start":{"line":128,"column":8},"end":{"line":128,"column":72}},"55":{"start":{"line":130,"column":8},"end":{"line":130,"column":61}},"56":{"start":{"line":134,"column":0},"end":{"line":161,"column":3}},"57":{"start":{"line":135,"column":21},"end":{"line":135,"column":34}},"58":{"start":{"line":136,"column":25},"end":{"line":136,"column":33}},"59":{"start":{"line":139,"column":18},"end":{"line":139,"column":70}},"60":{"start":{"line":139,"column":48},"end":{"line":139,"column":69}},"61":{"start":{"line":142,"column":4},"end":{"line":158,"column":5}},"62":{"start":{"line":146,"column":8},"end":{"line":146,"column":62}},"63":{"start":{"line":149,"column":19},"end":{"line":149,"column":54}},"64":{"start":{"line":150,"column":8},"end":{"line":150,"column":49}},"65":{"start":{"line":151,"column":8},"end":{"line":151,"column":79}},"66":{"start":{"line":154,"column":8},"end":{"line":154,"column":36}},"67":{"start":{"line":157,"column":8},"end":{"line":157,"column":61}},"68":{"start":{"line":165,"column":0},"end":{"line":165,"column":21}}},"fnMap":{"0":{"name":"loadData","decl":{"start":{"line":24,"column":9},"end":{"line":24,"column":17}},"loc":{"start":{"line":24,"column":28},"end":{"line":30,"column":1}},"line":24},"1":{"name":"(anonymous_1)","decl":{"start":{"line":47,"column":19},"end":{"line":47,"column":20}},"loc":{"start":{"line":47,"column":33},"end":{"line":49,"column":1}},"line":47},"2":{"name":"(anonymous_2)","decl":{"start":{"line":52,"column":23},"end":{"line":52,"column":24}},"loc":{"start":{"line":52,"column":37},"end":{"line":54,"column":1}},"line":52},"3":{"name":"(anonymous_3)","decl":{"start":{"line":57,"column":24},"end":{"line":57,"column":25}},"loc":{"start":{"line":57,"column":37},"end":{"line":77,"column":1}},"line":57},"4":{"name":"CheckifExists","decl":{"start":{"line":81,"column":9},"end":{"line":81,"column":22}},"loc":{"start":{"line":81,"column":29},"end":{"line":87,"column":1}},"line":81},"5":{"name":"(anonymous_5)","decl":{"start":{"line":90,"column":20},"end":{"line":90,"column":21}},"loc":{"start":{"line":90,"column":34},"end":{"line":105,"column":1}},"line":90},"6":{"name":"(anonymous_6)","decl":{"start":{"line":110,"column":26},"end":{"line":110,"column":27}},"loc":{"start":{"line":110,"column":40},"end":{"line":114,"column":1}},"line":110},"7":{"name":"(anonymous_7)","decl":{"start":{"line":112,"column":45},"end":{"line":112,"column":46}},"loc":{"start":{"line":112,"column":54},"end":{"line":112,"column":115}},"line":112},"8":{"name":"(anonymous_8)","decl":{"start":{"line":117,"column":26},"end":{"line":117,"column":27}},"loc":{"start":{"line":117,"column":40},"end":{"line":132,"column":1}},"line":117},"9":{"name":"(anonymous_9)","decl":{"start":{"line":121,"column":35},"end":{"line":121,"column":36}},"loc":{"start":{"line":121,"column":44},"end":{"line":121,"column":67}},"line":121},"10":{"name":"(anonymous_10)","decl":{"start":{"line":134,"column":22},"end":{"line":134,"column":23}},"loc":{"start":{"line":134,"column":35},"end":{"line":161,"column":1}},"line":134},"11":{"name":"(anonymous_11)","decl":{"start":{"line":139,"column":39},"end":{"line":139,"column":40}},"loc":{"start":{"line":139,"column":48},"end":{"line":139,"column":69}},"line":139}},"branchMap":{"0":{"loc":{"start":{"line":20,"column":26},"end":{"line":20,"column":104}},"type":"cond-expr","locations":[{"start":{"line":20,"column":60},"end":{"line":20,"column":86}},{"start":{"line":20,"column":89},"end":{"line":20,"column":104}}],"line":20},"1":{"loc":{"start":{"line":21,"column":31},"end":{"line":21,"column":117}},"type":"cond-expr","locations":[{"start":{"line":21,"column":65},"end":{"line":21,"column":95}},{"start":{"line":21,"column":98},"end":{"line":21,"column":117}}],"line":21},"2":{"loc":{"start":{"line":26,"column":4},"end":{"line":29,"column":5}},"type":"if","locations":[{"start":{"line":26,"column":4},"end":{"line":29,"column":5}},{"start":{},"end":{}}],"line":26},"3":{"loc":{"start":{"line":28,"column":15},"end":{"line":28,"column":43}},"type":"cond-expr","locations":[{"start":{"line":28,"column":22},"end":{"line":28,"column":38}},{"start":{"line":28,"column":41},"end":{"line":28,"column":43}}],"line":28},"4":{"loc":{"start":{"line":39,"column":17},"end":{"line":39,"column":49}},"type":"binary-expr","locations":[{"start":{"line":39,"column":17},"end":{"line":39,"column":43}},{"start":{"line":39,"column":47},"end":{"line":39,"column":49}}],"line":39},"5":{"loc":{"start":{"line":40,"column":21},"end":{"line":40,"column":58}},"type":"binary-expr","locations":[{"start":{"line":40,"column":21},"end":{"line":40,"column":52}},{"start":{"line":40,"column":56},"end":{"line":40,"column":58}}],"line":40},"6":{"loc":{"start":{"line":83,"column":8},"end":{"line":85,"column":9}},"type":"if","locations":[{"start":{"line":83,"column":8},"end":{"line":85,"column":9}},{"start":{},"end":{}}],"line":83},"7":{"loc":{"start":{"line":112,"column":54},"end":{"line":112,"column":115}},"type":"binary-expr","locations":[{"start":{"line":112,"column":54},"end":{"line":112,"column":65}},{"start":{"line":112,"column":69},"end":{"line":112,"column":115}}],"line":112},"8":{"loc":{"start":{"line":127,"column":4},"end":{"line":131,"column":5}},"type":"if","locations":[{"start":{"line":127,"column":4},"end":{"line":131,"column":5}},{"start":{"line":129,"column":11},"end":{"line":131,"column":5}}],"line":127},"9":{"loc":{"start":{"line":142,"column":4},"end":{"line":158,"column":5}},"type":"if","locations":[{"start":{"line":142,"column":4},"end":{"line":158,"column":5}},{"start":{"line":156,"column":11},"end":{"line":158,"column":5}}],"line":142}},"s":{"0":1,"1":1,"2":1,"3":1,"4":1,"5":2,"6":2,"7":2,"8":1,"9":1,"10":1,"11":1,"12":1,"13":1,"14":1,"15":1,"16":1,"17":3,"18":3,"19":3,"20":3,"21":1,"22":1,"23":2,"24":2,"25":2,"26":2,"27":2,"28":3,"29":3,"30":1,"31":1,"32":3,"33":3,"34":3,"35":3,"36":3,"37":3,"38":3,"39":3,"40":1,"41":2,"42":2,"43":4,"44":2,"45":1,"46":2,"47":2,"48":2,"49":5,"50":2,"51":2,"52":2,"53":2,"54":1,"55":1,"56":1,"57":2,"58":2,"59":2,"60":4,"61":2,"62":1,"63":1,"64":1,"65":1,"66":1,"67":1,"68":1},"f":{"0":2,"1":1,"2":1,"3":3,"4":3,"5":3,"6":2,"7":4,"8":2,"9":5,"10":2,"11":4},"b":{"0":[1,0],"1":[1,0],"2":[2,0],"3":[2,0],"4":[1,0],"5":[1,0],"6":[1,2],"7":[4,4],"8":[1,1],"9":[1,1]},"_coverageSchema":"1a1c01bbd47fc00a2c39e90264f33305004495a9","hash":"44ee142f899be2f5199cd7c556a132a8c3291a07"}
}
