TN:
SF:app.js
FN:24,loadData
FN:47,(anonymous_1)
FN:52,(anonymous_2)
FN:57,(anonymous_3)
FN:81,CheckifExists
FN:90,(anonymous_5)
FN:110,(anonymous_6)
FN:112,(anonymous_7)
FN:117,(anonymous_8)
FN:121,(anonymous_9)
FN:134,(anonymous_10)
FN:139,(anonymous_11)
FNF:12
FNH:12
FNDA:2,loadData
FNDA:1,(anonymous_1)
FNDA:1,(anonymous_2)
FNDA:3,(anonymous_3)
FNDA:3,CheckifExists
FNDA:3,(anonymous_5)
FNDA:2,(anonymous_6)
FNDA:4,(anonymous_7)
FNDA:2,(anonymous_8)
FNDA:5,(anonymous_9)
FNDA:2,(anonymous_10)
FNDA:4,(anonymous_11)
DA:5,1
DA:6,1
DA:9,1
DA:20,1
DA:21,1
DA:26,2
DA:27,2
DA:28,2
DA:35,1
DA:36,1
DA:39,1
DA:40,1
DA:47,1
DA:48,1
DA:52,1
DA:53,1
DA:57,1
DA:58,3
DA:59,3
DA:62,3
DA:63,3
DA:65,1
DA:66,1
DA:69,2
DA:72,2
DA:73,2
DA:74,2
DA:76,2
DA:82,3
DA:83,3
DA:84,1
DA:90,1
DA:91,3
DA:93,3
DA:95,3
DA:96,3
DA:99,3
DA:100,3
DA:101,3
DA:103,3
DA:110,1
DA:111,2
DA:112,4
DA:113,2
DA:117,1
DA:118,2
DA:120,2
DA:121,5
DA:123,2
DA:124,2
DA:125,2
DA:127,2
DA:128,1
DA:130,1
DA:134,1
DA:135,2
DA:136,2
DA:139,4
DA:142,2
DA:146,1
DA:149,1
DA:150,1
DA:151,1
DA:154,1
DA:157,1
DA:165,1
LF:66
LH:66
BRDA:20,0,0,1
BRDA:20,0,1,0
BRDA:21,1,0,1
BRDA:21,1,1,0
BRDA:26,2,0,2
BRDA:26,2,1,0
BRDA:28,3,0,2
BRDA:28,3,1,0
BRDA:39,4,0,1
BRDA:39,4,1,0
BRDA:40,5,0,1
BRDA:40,5,1,0
BRDA:83,6,0,1
BRDA:83,6,1,2
BRDA:112,7,0,4
BRDA:112,7,1,4
BRDA:127,8,0,1
BRDA:127,8,1,1
BRDA:142,9,0,1
BRDA:142,9,1,1
BRF:20
BRH:14
end_of_record
