TN:
SF:app.js
FN:24,loadData
FN:47,(anonymous_1)
FN:53,(anonymous_2)
FN:58,(anonymous_3)
FN:82,CheckifExists
FN:91,(anonymous_5)
FN:117,(anonymous_6)
FN:119,(anonymous_7)
FN:125,(anonymous_8)
FN:128,(anonymous_9)
FN:134,(anonymous_10)
FN:149,(anonymous_11)
FN:153,(anonymous_12)
FN:167,(anonymous_13)
FN:178,(anonymous_14)
FNF:15
FNH:15
FNDA:2,loadData
FNDA:1,(anonymous_1)
FNDA:1,(anonymous_2)
FNDA:4,(anonymous_3)
FNDA:4,CheckifExists
FNDA:6,(anonymous_5)
FNDA:1,(anonymous_6)
FNDA:3,(anonymous_7)
FNDA:2,(anonymous_8)
FNDA:8,(anonymous_9)
FNDA:3,(anonymous_10)
FNDA:2,(anonymous_11)
FNDA:7,(anonymous_12)
FNDA:3,(anonymous_13)
FNDA:4,(anonymous_14)
DA:5,1
DA:6,1
DA:9,1
DA:20,1
DA:21,1
DA:26,2
DA:27,2
DA:28,2
DA:35,1
DA:36,1
DA:39,1
DA:40,1
DA:47,1
DA:48,1
DA:53,1
DA:54,1
DA:58,1
DA:59,4
DA:60,4
DA:63,4
DA:64,4
DA:66,1
DA:67,1
DA:70,3
DA:73,3
DA:74,3
DA:75,3
DA:77,3
DA:83,4
DA:84,5
DA:85,1
DA:91,1
DA:92,6
DA:95,6
DA:96,1
DA:97,1
DA:100,5
DA:102,5
DA:104,5
DA:105,5
DA:108,5
DA:109,5
DA:110,5
DA:112,5
DA:117,1
DA:118,1
DA:119,3
DA:120,1
DA:125,1
DA:126,2
DA:128,8
DA:130,2
DA:134,3
DA:137,1
DA:141,1
DA:144,1
DA:149,1
DA:150,2
DA:152,2
DA:153,7
DA:155,2
DA:156,2
DA:157,2
DA:159,2
DA:160,1
DA:162,1
DA:167,1
DA:168,3
DA:169,3
DA:172,3
DA:173,1
DA:174,1
DA:178,4
DA:181,2
DA:185,1
DA:188,1
DA:189,1
DA:190,1
DA:193,1
DA:196,1
DA:204,1
LF:81
LH:81
BRDA:20,0,0,1
BRDA:20,0,1,0
BRDA:21,1,0,1
BRDA:21,1,1,0
BRDA:26,2,0,2
BRDA:26,2,1,0
BRDA:28,3,0,2
BRDA:28,3,1,0
BRDA:39,4,0,1
BRDA:39,4,1,0
BRDA:40,5,0,1
BRDA:40,5,1,0
BRDA:84,6,0,1
BRDA:84,6,1,4
BRDA:95,7,0,1
BRDA:95,7,1,5
BRDA:95,8,0,6
BRDA:95,8,1,3
BRDA:119,9,0,3
BRDA:119,9,1,3
BRDA:130,10,0,1
BRDA:130,10,1,1
BRDA:139,11,0,1
BRDA:139,11,1,0
BRDA:159,12,0,1
BRDA:159,12,1,1
BRDA:172,13,0,1
BRDA:172,13,1,2
BRDA:172,14,0,3
BRDA:172,14,1,1
BRDA:181,15,0,1
BRDA:181,15,1,1
BRF:32
BRH:25
end_of_record
